Traceback (most recent call last):
  File "/home/andrew/.local/lib/python3.8/site-packages/jupyter_cache/executors/utils.py", line 51, in single_nb_execution
    executenb(
  File "/home/andrew/.local/lib/python3.8/site-packages/nbclient/client.py", line 1204, in execute
    return NotebookClient(nb=nb, resources=resources, km=km, **kwargs).execute()
  File "/home/andrew/.local/lib/python3.8/site-packages/nbclient/util.py", line 84, in wrapped
    return just_run(coro(*args, **kwargs))
  File "/home/andrew/.local/lib/python3.8/site-packages/nbclient/util.py", line 62, in just_run
    return loop.run_until_complete(coro)
  File "/usr/lib/python3.8/asyncio/base_events.py", line 616, in run_until_complete
    return future.result()
  File "/home/andrew/.local/lib/python3.8/site-packages/nbclient/client.py", line 663, in async_execute
    await self.async_execute_cell(
  File "/home/andrew/.local/lib/python3.8/site-packages/nbclient/client.py", line 965, in async_execute_cell
    await self._check_raise_for_error(cell, cell_index, exec_reply)
  File "/home/andrew/.local/lib/python3.8/site-packages/nbclient/client.py", line 862, in _check_raise_for_error
    raise CellExecutionError.from_cell_and_msg(cell, exec_reply_content)
nbclient.exceptions.CellExecutionError: An error occurred while executing the following cell:
------------------
import re,string
from nltk.corpus import stopwords
from nltk.stem import PorterStemmer

from sklearn.feature_extraction.text import TfidfVectorizer
from sklearn.cluster import KMeans
from sklearn.metrics.pairwise import cosine_similarity

from sklearn.manifold import MDS


from sklearn.preprocessing import LabelEncoder, OneHotEncoder
from sklearn.ensemble import RandomForestClassifier
from sklearn.metrics import roc_auc_score, accuracy_score, confusion_matrix
from sklearn.model_selection import cross_val_score, StratifiedKFold
from sklearn.tree import DecisionTreeClassifier
import matplotlib.pyplot as plt
from sklearn.model_selection import train_test_split, KFold

import pandas as pd


from gensim.models import Word2Vec,LdaMulticore, TfidfModel
from gensim import corpora


from gensim.models.doc2vec import Doc2Vec, TaggedDocument


import numpy as np

import multiprocessing
import importlib
import NLPPrep
from NLPPrep import clean_doc, One_Hot, newsloader

------------------

[0;31m---------------------------------------------------------------------------[0m
[0;31mModuleNotFoundError[0m                       Traceback (most recent call last)
Input [0;32mIn [1][0m, in [0;36m<cell line: 2>[0;34m()[0m
[1;32m      1[0m [38;5;28;01mimport[39;00m [38;5;21;01mre[39;00m[38;5;241m,[39m[38;5;21;01mstring[39;00m
[0;32m----> 2[0m [38;5;28;01mfrom[39;00m [38;5;21;01mnltk[39;00m[38;5;21;01m.[39;00m[38;5;21;01mcorpus[39;00m [38;5;28;01mimport[39;00m stopwords
[1;32m      3[0m [38;5;28;01mfrom[39;00m [38;5;21;01mnltk[39;00m[38;5;21;01m.[39;00m[38;5;21;01mstem[39;00m [38;5;28;01mimport[39;00m PorterStemmer
[1;32m      5[0m [38;5;28;01mfrom[39;00m [38;5;21;01msklearn[39;00m[38;5;21;01m.[39;00m[38;5;21;01mfeature_extraction[39;00m[38;5;21;01m.[39;00m[38;5;21;01mtext[39;00m [38;5;28;01mimport[39;00m TfidfVectorizer

[0;31mModuleNotFoundError[0m: No module named 'nltk'
ModuleNotFoundError: No module named 'nltk'

